/home/bleon/git/low-depth-image-circuits/scripts/experiment_runner.py:222: DeprecationWarning: datetime.datetime.utcnow() is deprecated and scheduled for removal in a future version. Use timezone-aware objects to represent datetimes in UTC: datetime.datetime.now(datetime.UTC).
  "timestamp": datetime.utcnow().isoformat() + "Z",
[encoding=row_major model=vqc_linear fold=0 seed=42] dataset ready
[encoding=row_major model=vqc_linear fold=0 seed=42] training started
/home/bleon/git/low-depth-image-circuits/scripts/experiment_runner.py:222: DeprecationWarning: datetime.datetime.utcnow() is deprecated and scheduled for removal in a future version. Use timezone-aware objects to represent datetimes in UTC: datetime.datetime.now(datetime.UTC).
  "timestamp": datetime.utcnow().isoformat() + "Z",
[encoding=row_major model=vqc_linear fold=0 seed=42] dataset ready
[encoding=row_major model=vqc_linear fold=0 seed=42] training started
[encoding=row_major model=vqc_linear fold=0 seed=42] finished
[encoding=row_major model=vqc_linear fold=0 seed=43] dataset ready
[encoding=row_major model=vqc_linear fold=0 seed=43] training started
[encoding=row_major model=vqc_linear fold=0 seed=43] finished
[encoding=row_major model=vqc_linear fold=1 seed=42] dataset ready
[encoding=row_major model=vqc_linear fold=1 seed=42] training started
[encoding=row_major model=vqc_linear fold=1 seed=42] finished
[encoding=row_major model=vqc_linear fold=1 seed=43] dataset ready
[encoding=row_major model=vqc_linear fold=1 seed=43] training started
[encoding=row_major model=vqc_linear fold=1 seed=43] finished
[encoding=row_major model=vqc_linear fold=2 seed=42] dataset ready
[encoding=row_major model=vqc_linear fold=2 seed=42] training started
[encoding=row_major model=vqc_linear fold=2 seed=42] finished
[encoding=row_major model=vqc_linear fold=2 seed=43] dataset ready
[encoding=row_major model=vqc_linear fold=2 seed=43] training started
[encoding=row_major model=vqc_linear fold=2 seed=43] finished
[encoding=hilbert model=vqc_linear fold=0 seed=42] dataset ready
[encoding=hilbert model=vqc_linear fold=0 seed=42] training started
[encoding=hilbert model=vqc_linear fold=0 seed=42] finished
[encoding=hilbert model=vqc_linear fold=0 seed=43] dataset ready
[encoding=hilbert model=vqc_linear fold=0 seed=43] training started
[encoding=hilbert model=vqc_linear fold=0 seed=43] finished
[encoding=hilbert model=vqc_linear fold=1 seed=42] dataset ready
[encoding=hilbert model=vqc_linear fold=1 seed=42] training started
[encoding=hilbert model=vqc_linear fold=1 seed=42] finished
[encoding=hilbert model=vqc_linear fold=1 seed=43] dataset ready
[encoding=hilbert model=vqc_linear fold=1 seed=43] training started
[encoding=hilbert model=vqc_linear fold=1 seed=43] finished
[encoding=hilbert model=vqc_linear fold=2 seed=42] dataset ready
[encoding=hilbert model=vqc_linear fold=2 seed=42] training started
[encoding=hilbert model=vqc_linear fold=2 seed=42] finished
[encoding=hilbert model=vqc_linear fold=2 seed=43] dataset ready
[encoding=hilbert model=vqc_linear fold=2 seed=43] training started
[encoding=hilbert model=vqc_linear fold=2 seed=43] finished
